<?xml version="1.0" encoding="UTF-8"?>
<robot generator="Robot 7.0.1 (Python 3.12.5 on win32)" generated="2024-09-07T09:43:41.644114" rpa="false" schemaversion="5">
<suite id="s1" name="Register" source="C:\Tester\Future Skill\Automation\[01AQA2] ทดสอบเว็บแอปพลิเคชันด้วย Robot Framework และ Selenium\Source ของ EP.2\Class Project\testcases\register.robot">
<kw name="Open Browser" owner="SeleniumLibrary" type="SETUP">
<msg time="2024-09-07T09:43:41.963101" level="INFO">Opening browser 'chrome' to base url 'https://futureskill.co/'.</msg>
<arg>${baseUrl}</arg>
<arg>chrome</arg>
<doc>Opens a new browser instance to the optional ``url``.</doc>
<status status="PASS" start="2024-09-07T09:43:41.962096" elapsed="2.885097"/>
</kw>
<test id="s1-t1" name="User want to register" line="10">
<kw name="when user register to future skill platform input ${email} and ${firstname} and ${lastname} and ${phone} and ${password} and ${confirmpassword}" owner="Register" source_name="user register to future skill platform input ${email} and ${firstname} and ${lastname} and ${phone} and ${password} and ${confirmpassword}">
<kw name="Wait until element is ready then click element" owner="CommonKeywords">
<kw name="Wait Until Keyword Succeeds" owner="BuiltIn">
<kw name="Click Element" owner="SeleniumLibrary">
<msg time="2024-09-07T09:43:44.853198" level="INFO">Clicking element 'xpath=//button[text()="สมัครสมาชิก"]'.</msg>
<msg time="2024-09-07T09:43:45.491192" level="INFO" html="true">&lt;/td&gt;&lt;/tr&gt;&lt;tr&gt;&lt;td colspan="3"&gt;&lt;a href="selenium-screenshot-1.png"&gt;&lt;img src="selenium-screenshot-1.png" width="800px"&gt;&lt;/a&gt;</msg>
<msg time="2024-09-07T09:43:45.491192" level="FAIL">Element with locator 'xpath=//button[text()="สมัครสมาชิก"]' not found.</msg>
<arg>${locator}</arg>
<doc>Click the element identified by ``locator``.</doc>
<status status="FAIL" start="2024-09-07T09:43:44.852195" elapsed="0.643997">Element with locator 'xpath=//button[text()="สมัครสมาชิก"]' not found.</status>
</kw>
<kw name="Click Element" owner="SeleniumLibrary">
<msg time="2024-09-07T09:43:47.497697" level="INFO">Clicking element 'xpath=//button[text()="สมัครสมาชิก"]'.</msg>
<arg>${locator}</arg>
<doc>Click the element identified by ``locator``.</doc>
<status status="PASS" start="2024-09-07T09:43:47.496681" elapsed="1.257023"/>
</kw>
<arg>5x</arg>
<arg>2s</arg>
<arg>Click Element</arg>
<arg>${locator}</arg>
<doc>Runs the specified keyword and retries if it fails.</doc>
<status status="PASS" start="2024-09-07T09:43:44.851192" elapsed="3.902512"/>
</kw>
<arg>xpath=//button[text()="สมัครสมาชิก"]</arg>
<status status="PASS" start="2024-09-07T09:43:44.850192" elapsed="3.904509"/>
</kw>
<kw name="Wait until element is ready then input text" owner="CommonKeywords">
<kw name="Wait Until Keyword Succeeds" owner="BuiltIn">
<kw name="Input Text" owner="SeleniumLibrary">
<msg time="2024-09-07T09:43:48.756700" level="INFO">Typing text 'atom39@outlook.com' into text field 'name=email'.</msg>
<arg>${locator}</arg>
<arg>${text}</arg>
<doc>Types the given ``text`` into the text field identified by ``locator``.</doc>
<status status="PASS" start="2024-09-07T09:43:48.755697" elapsed="0.732000"/>
</kw>
<arg>5x</arg>
<arg>2s</arg>
<arg>Input Text</arg>
<arg>${locator}</arg>
<arg>${text}</arg>
<doc>Runs the specified keyword and retries if it fails.</doc>
<status status="PASS" start="2024-09-07T09:43:48.755697" elapsed="0.732000"/>
</kw>
<arg>name=email</arg>
<arg>${email}</arg>
<status status="PASS" start="2024-09-07T09:43:48.754701" elapsed="0.732996"/>
</kw>
<kw name="Wait until element is ready then input text" owner="CommonKeywords">
<kw name="Wait Until Keyword Succeeds" owner="BuiltIn">
<kw name="Input Text" owner="SeleniumLibrary">
<msg time="2024-09-07T09:43:49.489693" level="INFO">Typing text 'Apichai' into text field 'name=firstName'.</msg>
<arg>${locator}</arg>
<arg>${text}</arg>
<doc>Types the given ``text`` into the text field identified by ``locator``.</doc>
<status status="PASS" start="2024-09-07T09:43:49.488694" elapsed="0.126010"/>
</kw>
<arg>5x</arg>
<arg>2s</arg>
<arg>Input Text</arg>
<arg>${locator}</arg>
<arg>${text}</arg>
<doc>Runs the specified keyword and retries if it fails.</doc>
<status status="PASS" start="2024-09-07T09:43:49.488694" elapsed="0.126010"/>
</kw>
<arg>name=firstName</arg>
<arg>${firstname}</arg>
<status status="PASS" start="2024-09-07T09:43:49.488694" elapsed="0.126010"/>
</kw>
<kw name="Wait until element is ready then input text" owner="CommonKeywords">
<kw name="Wait Until Keyword Succeeds" owner="BuiltIn">
<kw name="Input Text" owner="SeleniumLibrary">
<msg time="2024-09-07T09:43:49.616695" level="INFO">Typing text 'Paijit' into text field 'name=lastName'.</msg>
<arg>${locator}</arg>
<arg>${text}</arg>
<doc>Types the given ``text`` into the text field identified by ``locator``.</doc>
<status status="PASS" start="2024-09-07T09:43:49.615694" elapsed="0.122000"/>
</kw>
<arg>5x</arg>
<arg>2s</arg>
<arg>Input Text</arg>
<arg>${locator}</arg>
<arg>${text}</arg>
<doc>Runs the specified keyword and retries if it fails.</doc>
<status status="PASS" start="2024-09-07T09:43:49.615694" elapsed="0.122000"/>
</kw>
<arg>name=lastName</arg>
<arg>${lastname}</arg>
<status status="PASS" start="2024-09-07T09:43:49.614704" elapsed="0.122990"/>
</kw>
<kw name="Wait until element is ready then input text" owner="CommonKeywords">
<kw name="Wait Until Keyword Succeeds" owner="BuiltIn">
<kw name="Input Text" owner="SeleniumLibrary">
<msg time="2024-09-07T09:43:49.739692" level="INFO">Typing text '0858392493' into text field 'name=phoneNumber'.</msg>
<arg>${locator}</arg>
<arg>${text}</arg>
<doc>Types the given ``text`` into the text field identified by ``locator``.</doc>
<status status="PASS" start="2024-09-07T09:43:49.739692" elapsed="0.141001"/>
</kw>
<arg>5x</arg>
<arg>2s</arg>
<arg>Input Text</arg>
<arg>${locator}</arg>
<arg>${text}</arg>
<doc>Runs the specified keyword and retries if it fails.</doc>
<status status="PASS" start="2024-09-07T09:43:49.738693" elapsed="0.142000"/>
</kw>
<arg>name=phoneNumber</arg>
<arg>${phone}</arg>
<status status="PASS" start="2024-09-07T09:43:49.738693" elapsed="0.142000"/>
</kw>
<kw name="Wait until element is ready then input text" owner="CommonKeywords">
<kw name="Wait Until Keyword Succeeds" owner="BuiltIn">
<kw name="Input Text" owner="SeleniumLibrary">
<msg time="2024-09-07T09:43:49.881694" level="INFO">Typing text 'Password39' into text field 'name=newPassword'.</msg>
<arg>${locator}</arg>
<arg>${text}</arg>
<doc>Types the given ``text`` into the text field identified by ``locator``.</doc>
<status status="PASS" start="2024-09-07T09:43:49.881694" elapsed="0.136005"/>
</kw>
<arg>5x</arg>
<arg>2s</arg>
<arg>Input Text</arg>
<arg>${locator}</arg>
<arg>${text}</arg>
<doc>Runs the specified keyword and retries if it fails.</doc>
<status status="PASS" start="2024-09-07T09:43:49.881694" elapsed="0.136005"/>
</kw>
<arg>name=newPassword</arg>
<arg>${password}</arg>
<status status="PASS" start="2024-09-07T09:43:49.880693" elapsed="0.137006"/>
</kw>
<kw name="Wait until element is ready then input text" owner="CommonKeywords">
<kw name="Wait Until Keyword Succeeds" owner="BuiltIn">
<kw name="Input Text" owner="SeleniumLibrary">
<msg time="2024-09-07T09:43:50.019727" level="INFO">Typing text 'Password39' into text field 'name=confirmPassword'.</msg>
<arg>${locator}</arg>
<arg>${text}</arg>
<doc>Types the given ``text`` into the text field identified by ``locator``.</doc>
<status status="PASS" start="2024-09-07T09:43:50.018695" elapsed="0.134001"/>
</kw>
<arg>5x</arg>
<arg>2s</arg>
<arg>Input Text</arg>
<arg>${locator}</arg>
<arg>${text}</arg>
<doc>Runs the specified keyword and retries if it fails.</doc>
<status status="PASS" start="2024-09-07T09:43:50.018695" elapsed="0.135005"/>
</kw>
<arg>name=confirmPassword</arg>
<arg>${confirmpassword}</arg>
<status status="PASS" start="2024-09-07T09:43:50.018695" elapsed="0.135005"/>
</kw>
<kw name="Wait until element is ready then click element" owner="CommonKeywords">
<kw name="Wait Until Keyword Succeeds" owner="BuiltIn">
<kw name="Click Element" owner="SeleniumLibrary">
<msg time="2024-09-07T09:43:50.155694" level="INFO">Clicking element 'xpath=//input[@type="checkbox"]'.</msg>
<arg>${locator}</arg>
<doc>Click the element identified by ``locator``.</doc>
<status status="PASS" start="2024-09-07T09:43:50.154696" elapsed="0.074001"/>
</kw>
<arg>5x</arg>
<arg>2s</arg>
<arg>Click Element</arg>
<arg>${locator}</arg>
<doc>Runs the specified keyword and retries if it fails.</doc>
<status status="PASS" start="2024-09-07T09:43:50.154696" elapsed="0.075003"/>
</kw>
<arg>xpath=//input[@type="checkbox"]</arg>
<status status="PASS" start="2024-09-07T09:43:50.154696" elapsed="0.075003"/>
</kw>
<kw name="Wait until element is ready then click element" owner="CommonKeywords">
<kw name="Wait Until Keyword Succeeds" owner="BuiltIn">
<kw name="Click Element" owner="SeleniumLibrary">
<msg time="2024-09-07T09:43:50.230700" level="INFO">Clicking element 'xpath=//button[@type="submit"]'.</msg>
<arg>${locator}</arg>
<doc>Click the element identified by ``locator``.</doc>
<status status="PASS" start="2024-09-07T09:43:50.230700" elapsed="0.114997"/>
</kw>
<arg>5x</arg>
<arg>2s</arg>
<arg>Click Element</arg>
<arg>${locator}</arg>
<doc>Runs the specified keyword and retries if it fails.</doc>
<status status="PASS" start="2024-09-07T09:43:50.230700" elapsed="0.114997"/>
</kw>
<arg>xpath=//button[@type="submit"]</arg>
<status status="PASS" start="2024-09-07T09:43:50.229699" elapsed="0.115998"/>
</kw>
<status status="PASS" start="2024-09-07T09:43:44.849193" elapsed="5.496504"/>
</kw>
<kw name="then future skill should display display homepage and display message as &quot;ระบบได้ส่งรหัส OTP ไปยังเบอร์โทรศัพท์&quot;" owner="Register" source_name="future skill should display display homepage and display message as &quot;${expected_message}&quot;">
<kw name="Wait until page contains element then verify text" owner="CommonKeywords">
<kw name="Wait Until Keyword Succeeds" owner="BuiltIn">
<kw name="Page Should Contain" owner="SeleniumLibrary">
<msg time="2024-09-07T09:43:50.733698" level="INFO" html="true">&lt;/td&gt;&lt;/tr&gt;&lt;tr&gt;&lt;td colspan="3"&gt;&lt;a href="selenium-screenshot-2.png"&gt;&lt;img src="selenium-screenshot-2.png" width="800px"&gt;&lt;/a&gt;</msg>
<msg time="2024-09-07T09:43:50.734697" level="FAIL">StaleElementReferenceException: Message: stale element reference: stale element not found in the current frame
  (Session info: chrome=128.0.6613.120); For documentation on this error, please visit: https://www.selenium.dev/documentation/webdriver/troubleshooting/errors#stale-element-reference-exception
Stacktrace:
	GetHandleVerifier [0x00007FF6B299B5D2+29090]
	(No symbol) [0x00007FF6B290E689]
	(No symbol) [0x00007FF6B27CB1CA]
	(No symbol) [0x00007FF6B27D1CD3]
	(No symbol) [0x00007FF6B27D4071]
	(No symbol) [0x00007FF6B27D4110]
	(No symbol) [0x00007FF6B2821434]
	(No symbol) [0x00007FF6B28687FF]
	(No symbol) [0x00007FF6B28466EA]
	(No symbol) [0x00007FF6B28665D9]
	(No symbol) [0x00007FF6B2846493]
	(No symbol) [0x00007FF6B28109B1]
	(No symbol) [0x00007FF6B2811B11]
	GetHandleVerifier [0x00007FF6B2CB8C5D+3295277]
	GetHandleVerifier [0x00007FF6B2D04843+3605523]
	GetHandleVerifier [0x00007FF6B2CFA707+3564247]
	GetHandleVerifier [0x00007FF6B2A56EB6+797318]
	(No symbol) [0x00007FF6B291980F]
	(No symbol) [0x00007FF6B29153F4]
	(No symbol) [0x00007FF6B2915580]
	(No symbol) [0x00007FF6B2904A1F]
	BaseThreadInitThunk [0x00007FFE77CE257D+29]
	RtlUserThreadStart [0x00007FFE792AAF28+40]
</msg>
<arg>${expected_text}</arg>
<doc>Verifies that current page contains ``text``.</doc>
<status status="FAIL" start="2024-09-07T09:43:50.347695" elapsed="0.389024">StaleElementReferenceException: Message: stale element reference: stale element not found in the current frame
  (Session info: chrome=128.0.6613.120); For documentation on this error, please visit: https://www.selenium.dev/documentation/webdriver/troubleshooting/errors#stale-element-reference-exception
Stacktrace:
	GetHandleVerifier [0x00007FF6B299B5D2+29090]
	(No symbol) [0x00007FF6B290E689]
	(No symbol) [0x00007FF6B27CB1CA]
	(No symbol) [0x00007FF6B27D1CD3]
	(No symbol) [0x00007FF6B27D4071]
	(No symbol) [0x00007FF6B27D4110]
	(No symbol) [0x00007FF6B2821434]
	(No symbol) [0x00007FF6B28687FF]
	(No symbol) [0x00007FF6B28466EA]
	(No symbol) [0x00007FF6B28665D9]
	(No symbol) [0x00007FF6B2846493]
	(No symbol) [0x00007FF6B28109B1]
	(No symbol) [0x00007FF6B2811B11]
	GetHandleVerifier [0x00007FF6B2CB8C5D+3295277]
	GetHandleVerifier [0x00007FF6B2D04843+3605523]
	GetHandleVerifier [0x00007FF6B2CFA707+3564247]
	GetHandleVerifier [0x00007FF6B2A56EB6+797318]
	(No symbol) [0x00007FF6B291980F]
	(No symbol) [0x00007FF6B29153F4]
	(No symbol) [0x00007FF6B2915580]
	(No symbol) [0x00007FF6B2904A1F]
	BaseThreadInitThunk [0x00007FFE77CE257D+29]
	RtlUserThreadStart [0x00007FFE792AAF28+40]
</status>
</kw>
<kw name="Page Should Contain" owner="SeleniumLibrary">
<msg time="2024-09-07T09:43:52.754562" level="INFO">Current page contains text 'ระบบได้ส่งรหัส OTP ไปยังเบอร์โทรศัพท์'.</msg>
<arg>${expected_text}</arg>
<doc>Verifies that current page contains ``text``.</doc>
<status status="PASS" start="2024-09-07T09:43:52.737036" elapsed="0.017526"/>
</kw>
<arg>5x</arg>
<arg>2s</arg>
<arg>Page Should Contain</arg>
<arg>${expected_text}</arg>
<doc>Runs the specified keyword and retries if it fails.</doc>
<status status="PASS" start="2024-09-07T09:43:50.347695" elapsed="2.406867"/>
</kw>
<arg>${expected_message}</arg>
<status status="PASS" start="2024-09-07T09:43:50.346695" elapsed="2.407867"/>
</kw>
<status status="PASS" start="2024-09-07T09:43:50.346695" elapsed="2.407867"/>
</kw>
<status status="PASS" start="2024-09-07T09:43:44.847193" elapsed="7.908367"/>
</test>
<kw name="Close Browser" owner="SeleniumLibrary" type="TEARDOWN">
<doc>Closes the current browser.</doc>
<status status="PASS" start="2024-09-07T09:43:52.756558" elapsed="2.317664"/>
</kw>
<status status="PASS" start="2024-09-07T09:43:41.647092" elapsed="13.427130"/>
</suite>
<statistics>
<total>
<stat pass="1" fail="0" skip="0">All Tests</stat>
</total>
<tag>
</tag>
<suite>
<stat pass="1" fail="0" skip="0" id="s1" name="Register">Register</stat>
</suite>
</statistics>
<errors>
</errors>
</robot>
